<?xml version="1.0" encoding="UTF-8"?>
<!-- Generated by org.testng.reporters.JUnitReportReporter -->
<testsuite hostname="DESKTOP-JIEUPAU" failures="0" tests="3" name="com.princeandblack.testcases.TC001_VerifyLogin" time="40.241" errors="0" timestamp="2023-11-09T21:13:06 IST" skipped="0">
  <testcase classname="com.princeandblack.testcases.TC001_VerifyLogin" name="runLogin" time="12.882"/>
  <system-out/>
  <testcase classname="com.princeandblack.testcases.TC001_VerifyLogin" name="runLogin" time="16.873"/>
  <system-out/>
  <testcase classname="com.princeandblack.testcases.TC001_VerifyLogin" name="runLogin" time="10.486"/>
  <system-out/>
</testsuite> <!-- com.princeandblack.testcases.TC001_VerifyLogin -->
